<?xml version="1.0" encoding="UTF-8"?>
<testng-results ignored="2" total="3" passed="0" failed="1" skipped="0">
  <reporter-output>
  </reporter-output>
  <suite started-at="2022-09-16T22:41:23 IST" name="Default suite" finished-at="2022-09-16T22:42:04 IST" duration-ms="41398">
    <groups>
    </groups>
    <test started-at="2022-09-16T22:41:23 IST" name="Default test" finished-at="2022-09-16T22:42:04 IST" duration-ms="41398">
      <class name="com.MyEcom.testcase.SignupPageExcelTest">
        <test-method is-config="true" signature="readProp()[pri:0, instance:com.MyEcom.testcase.SignupPageExcelTest@606e4010]" started-at="2022-09-16T22:41:23 IST" name="readProp" finished-at="2022-09-16T22:41:23 IST" duration-ms="14" status="PASS">
          <reporter-output>
          </reporter-output>
        </test-method> <!-- readProp -->
        <test-method is-config="true" signature="openbrowser()[pri:0, instance:com.MyEcom.testcase.SignupPageExcelTest@606e4010]" started-at="2022-09-16T22:41:23 IST" name="openbrowser" finished-at="2022-09-16T22:42:01 IST" depends-on-methods="com.MyEcom.base.BaseClass.readProp" duration-ms="38461" status="PASS">
          <reporter-output>
          </reporter-output>
        </test-method> <!-- openbrowser -->
        <test-method signature="signUpdetalis()[pri:0, instance:com.MyEcom.testcase.SignupPageExcelTest@606e4010]" started-at="2022-09-16T22:42:02 IST" name="signUpdetalis" finished-at="2022-09-16T22:42:04 IST" duration-ms="2252" status="FAIL">
          <exception class="java.lang.IllegalStateException">
            <message>
              <![CDATA[Cannot get a STRING value from a NUMERIC cell]]>
            </message>
            <full-stacktrace>
              <![CDATA[java.lang.IllegalStateException: Cannot get a STRING value from a NUMERIC cell
at org.apache.poi.xssf.usermodel.XSSFCell.typeMismatch(XSSFCell.java:946)
at org.apache.poi.xssf.usermodel.XSSFCell.getRichStringCellValue(XSSFCell.java:336)
at org.apache.poi.xssf.usermodel.XSSFCell.getStringCellValue(XSSFCell.java:280)
at com.MyEcom.Utility.ExcelSheetHandle.getExcelSheetData(ExcelSheetHandle.java:53)
at com.MyEcom.testcase.SignupPageExcelTest.signUpdetalis(SignupPageExcelTest.java:65)
at java.base/jdk.internal.reflect.NativeMethodAccessorImpl.invoke0(Native Method)
at java.base/jdk.internal.reflect.NativeMethodAccessorImpl.invoke(NativeMethodAccessorImpl.java:77)
at java.base/jdk.internal.reflect.DelegatingMethodAccessorImpl.invoke(DelegatingMethodAccessorImpl.java:43)
at java.base/java.lang.reflect.Method.invoke(Method.java:568)
at org.testng.internal.MethodInvocationHelper.invokeMethod(MethodInvocationHelper.java:133)
at org.testng.internal.TestInvoker.invokeMethod(TestInvoker.java:598)
at org.testng.internal.TestInvoker.invokeTestMethod(TestInvoker.java:173)
at org.testng.internal.MethodRunner.runInSequence(MethodRunner.java:46)
at org.testng.internal.TestInvoker$MethodInvocationAgent.invoke(TestInvoker.java:824)
at org.testng.internal.TestInvoker.invokeTestMethods(TestInvoker.java:146)
at org.testng.internal.TestMethodWorker.invokeTestMethods(TestMethodWorker.java:146)
at org.testng.internal.TestMethodWorker.run(TestMethodWorker.java:128)
at java.base/java.util.ArrayList.forEach(ArrayList.java:1511)
at org.testng.TestRunner.privateRun(TestRunner.java:794)
at org.testng.TestRunner.run(TestRunner.java:596)
at org.testng.SuiteRunner.runTest(SuiteRunner.java:377)
at org.testng.SuiteRunner.runSequentially(SuiteRunner.java:371)
at org.testng.SuiteRunner.privateRun(SuiteRunner.java:332)
at org.testng.SuiteRunner.run(SuiteRunner.java:276)
at org.testng.SuiteRunnerWorker.runSuite(SuiteRunnerWorker.java:53)
at org.testng.SuiteRunnerWorker.run(SuiteRunnerWorker.java:96)
at org.testng.TestNG.runSuitesSequentially(TestNG.java:1212)
at org.testng.TestNG.runSuitesLocally(TestNG.java:1134)
at org.testng.TestNG.runSuites(TestNG.java:1063)
at org.testng.TestNG.run(TestNG.java:1031)
at org.testng.remote.AbstractRemoteTestNG.run(AbstractRemoteTestNG.java:115)
at org.testng.remote.RemoteTestNG.initAndRun(RemoteTestNG.java:251)
at org.testng.remote.RemoteTestNG.main(RemoteTestNG.java:77)
]]>
            </full-stacktrace>
          </exception> <!-- java.lang.IllegalStateException -->
          <reporter-output>
          </reporter-output>
        </test-method> <!-- signUpdetalis -->
        <test-method is-config="true" signature="close()[pri:0, instance:com.MyEcom.testcase.SignupPageExcelTest@606e4010]" started-at="2022-09-16T22:42:04 IST" name="close" finished-at="2022-09-16T22:42:04 IST" duration-ms="555" status="PASS">
          <reporter-output>
          </reporter-output>
        </test-method> <!-- close -->
      </class> <!-- com.MyEcom.testcase.SignupPageExcelTest -->
    </test> <!-- Default test -->
  </suite> <!-- Default suite -->
</testng-results>
